<?xml version="1.0" encoding="UTF-8"?>
<!-- Generated by org.testng.reporters.JUnitReportReporter -->
<testsuite hostname="NTY-EN-8D25HC2" failures="0" tests="1" name="Tests.LNE.RevokeEndpoint" time="0.000" errors="0" timestamp="2020-12-21T18:16:12 IST" skipped="1">
  <testcase classname="Tests.LNE.RevokeEndpoint" name="revokeEndpoint" time="0.000">
    <skipped/>
  </testcase> <!-- revokeEndpoint -->
  <system-out/>
</testsuite> <!-- Tests.LNE.RevokeEndpoint -->
