<?xml version="1.0" encoding="UTF-8"?>
<!-- Generated by org.testng.reporters.JUnitReportReporter -->
<testsuite hostname="NTY-EN-8D25HC2" failures="0" tests="1" name="Tests.LNE.StandaloneEPconfigurationVerify" time="0.000" errors="0" timestamp="2021-01-27T16:38:24 IST" skipped="1">
  <testcase classname="Tests.LNE.StandaloneEPconfigurationVerify" name="verifyStandaloneEPconfiguration" time="0.000">
    <skipped/>
  </testcase> <!-- verifyStandaloneEPconfiguration -->
  <system-out/>
</testsuite> <!-- Tests.LNE.StandaloneEPconfigurationVerify -->
